<?xml version="1.0" encoding="UTF-8"?>
<!-- Generated by org.testng.reporters.JUnitReportReporter -->
<testsuite skipped="2" hostname="user-System-Product-Name" name="qa.marm.test.ButtonTest" tests="7" failures="0" timestamp="14 мар 2018 09:03:29 GMT" time="2.143" errors="0">
  <testcase name="MenuLeft" time="0.349" classname="qa.marm.test.ButtonTest"/>
  <testcase name="ScreenButtonCheck" time="0.884" classname="qa.marm.test.ButtonTest"/>
  <testcase name="CorrectDisplayOfAVisualElement" time="0.337" classname="qa.marm.test.ButtonTest"/>
  <testcase name="ChangeTheTextOfTheVisualElement" time="0.210" classname="qa.marm.test.ButtonTest"/>
  <testcase name="AligningTheTextOfTheVisualElement" time="0.363" classname="qa.marm.test.ButtonTest"/>
  <testcase name="ChangeTheVisibilityOfTheVisualElement" classname="qa.marm.test.ButtonTest">
    <skipped/>
  </testcase> <!-- ChangeTheVisibilityOfTheVisualElement -->
  <testcase name="CheckMainButton" classname="qa.marm.test.ButtonTest">
    <skipped/>
  </testcase> <!-- CheckMainButton -->
</testsuite> <!-- qa.marm.test.ButtonTest -->
