<?xml version="1.0" encoding="UTF-8"?>
<!-- Generated by org.testng.reporters.JUnitReportReporter -->
<testsuite skipped="0" hostname="user-System-Product-Name" name="qa.marm.test.FirstTest" tests="4" failures="0" timestamp="06 мар 2018 14:13:55 GMT" time="20.121" errors="0">
  <testcase name="Login" time="17.426" classname="qa.marm.test.FirstTest"/>
  <testcase name="MenuLeft" time="0.698" classname="qa.marm.test.FirstTest"/>
  <testcase name="ScreenButtonCheck" time="0.864" classname="qa.marm.test.FirstTest"/>
  <testcase name="CheckMainButton" time="1.133" classname="qa.marm.test.FirstTest"/>
</testsuite> <!-- qa.marm.test.FirstTest -->
