<?xml version="1.0" encoding="UTF-8"?>
<!-- Generated by org.testng.reporters.JUnitReportReporter -->
<testsuite name="qa.marm.test.Authorization" tests="2" time="17.312" ignored="0" failures="0" timestamp="05 апр 2018 10:13:48 GMT" skipped="0" hostname="user-System-Product-Name" errors="0">
  <testcase name="Login" time="17.112" classname="qa.marm.test.Authorization"/>
  <testcase name="CheckMainScreen" time="0.200" classname="qa.marm.test.Authorization"/>
</testsuite> <!-- qa.marm.test.Authorization -->
