<?xml version="1.0" encoding="UTF-8"?>
<!-- Generated by org.testng.reporters.JUnitReportReporter -->
<testsuite skipped="0" hostname="user-System-Product-Name" name="qa.marm.test.Authorization" tests="1" failures="0" timestamp="14 мар 2018 09:03:29 GMT" time="16.143" errors="0">
  <testcase name="Login" time="16.143" classname="qa.marm.test.Authorization"/>
</testsuite> <!-- qa.marm.test.Authorization -->
