<?xml version="1.0" encoding="UTF-8"?>
<!-- Generated by org.testng.reporters.JUnitReportReporter -->
<testsuite skipped="1" hostname="user-System-Product-Name" name="qa.marm.test.FirstTest" tests="8" failures="0" timestamp="13 мар 2018 12:16:22 GMT" time="50.485" errors="0">
  <testcase name="Login" time="17.805" classname="qa.marm.test.FirstTest"/>
  <testcase name="MenuLeft" time="0.846" classname="qa.marm.test.FirstTest"/>
  <testcase name="ScreenButtonCheck" time="0.964" classname="qa.marm.test.FirstTest"/>
  <testcase name="CorrectDisplayOfAVisualElement" time="0.045" classname="qa.marm.test.FirstTest"/>
  <testcase name="ChangeTheTextOfTheVisualElement" time="0.239" classname="qa.marm.test.FirstTest"/>
  <testcase name="ChangeTheVisibilityOfTheVisualElement" time="30.241" classname="qa.marm.test.FirstTest"/>
  <testcase name="AligningTheTextOfTheVisualElement" time="0.345" classname="qa.marm.test.FirstTest"/>
  <testcase name="CheckMainButton" classname="qa.marm.test.FirstTest">
    <skipped/>
  </testcase> <!-- CheckMainButton -->
</testsuite> <!-- qa.marm.test.FirstTest -->
