<?xml version="1.0" encoding="UTF-8"?>
<!-- Generated by org.testng.reporters.JUnitReportReporter -->
<testsuite skipped="0" hostname="user-System-Product-Name" name="qa.marm.test.FirstTest" tests="4" failures="0" timestamp="05 мар 2018 14:02:58 GMT" time="47.335" errors="0">
  <testcase name="Login" time="15.301" classname="qa.marm.test.FirstTest"/>
  <testcase name="MenuLeft" time="0.423" classname="qa.marm.test.FirstTest"/>
  <testcase name="ScreenButtonCheck" time="0.652" classname="qa.marm.test.FirstTest"/>
  <testcase name="CheckMainButton" time="30.959" classname="qa.marm.test.FirstTest"/>
</testsuite> <!-- qa.marm.test.FirstTest -->
