<?xml version="1.0" encoding="UTF-8"?>
<!-- Generated by org.testng.reporters.JUnitReportReporter -->
<testsuite skipped="0" hostname="user-System-Product-Name" name="qa.marm.test.FirstTest" tests="2" failures="0" timestamp="28 фев 2018 15:00:05 GMT" time="16.399" errors="0">
  <testcase name="Login" time="15.326" classname="qa.marm.test.FirstTest"/>
  <testcase name="MenuLeft" time="1.073" classname="qa.marm.test.FirstTest"/>
</testsuite> <!-- qa.marm.test.FirstTest -->
