<?xml version="1.0" encoding="UTF-8"?>
<!-- Generated by org.testng.reporters.JUnitReportReporter -->
<testsuite hostname="Briniel-ПК" failures="0" tests="1" name="BasicCheck.RadioTest" time="0.093" errors="0" timestamp="01 мар. 2018 09:17:16 GMT" skipped="0">
  <testcase classname="BasicCheck.RadioTest" name="Tell" time="0.093"/>
</testsuite> <!-- BasicCheck.RadioTest -->
