<?xml version="1.0" encoding="UTF-8"?>
<!-- Generated by org.testng.reporters.JUnitReportReporter -->
<testsuite hostname="Briniel-ПК" failures="0" tests="1" name="BasicCheck.YandexTest" time="1.026" errors="0" timestamp="01 мар. 2018 09:17:16 GMT" skipped="0">
  <testcase classname="BasicCheck.YandexTest" name="Login" time="1.026"/>
</testsuite> <!-- BasicCheck.YandexTest -->
