<?xml version="1.0" encoding="UTF-8"?>
<!-- Generated by org.testng.reporters.JUnitReportReporter -->
<testsuite name="BasicCheck.YandexTest" tests="1" time="2.972" ignored="0" failures="0" timestamp="22 мар 2018 12:55:29 GMT" skipped="0" hostname="user-System-Product-Name" errors="0">
  <testcase name="Login" time="2.972" classname="BasicCheck.YandexTest"/>
</testsuite> <!-- BasicCheck.YandexTest -->
